<?xml version="1.0" encoding="UTF-8"?>
<testng-results skipped="0" failed="0" total="1" passed="1">
  <reporter-output>
  </reporter-output>
  <suite name="Default suite" duration-ms="29631" started-at="2015-02-10T17:34:50Z" finished-at="2015-02-10T17:35:20Z">
    <groups>
    </groups>
    <test name="Default test" duration-ms="29631" started-at="2015-02-10T17:34:50Z" finished-at="2015-02-10T17:35:20Z">
      <class name="com.handlingajaxelements.Ajax2">
        <test-method status="PASS" signature="setUp()[pri:0, instance:com.handlingajaxelements.Ajax2@6ad5c04e]" name="setUp" is-config="true" duration-ms="13941" started-at="2015-02-10T12:34:50Z" finished-at="2015-02-10T12:35:04Z">
          <reporter-output>
          </reporter-output>
        </test-method> <!-- setUp -->
        <test-method status="PASS" signature="test()[pri:0, instance:com.handlingajaxelements.Ajax2@6ad5c04e]" name="test" duration-ms="13533" started-at="2015-02-10T12:35:04Z" finished-at="2015-02-10T12:35:18Z">
          <reporter-output>
          </reporter-output>
        </test-method> <!-- test -->
        <test-method status="PASS" signature="tearDown()[pri:0, instance:com.handlingajaxelements.Ajax2@6ad5c04e]" name="tearDown" is-config="true" duration-ms="2123" started-at="2015-02-10T12:35:18Z" finished-at="2015-02-10T12:35:20Z">
          <reporter-output>
          </reporter-output>
        </test-method> <!-- tearDown -->
      </class> <!-- com.handlingajaxelements.Ajax2 -->
    </test> <!-- Default test -->
  </suite> <!-- Default suite -->
</testng-results>
